<?xml version="1.0" encoding="UTF-8"?>
<testng-results skipped="0" failed="0" ignored="0" total="1" passed="1">
  <reporter-output>
  </reporter-output>
  <suite name="Suite" duration-ms="45989" started-at="2019-12-25T08:10:43Z" finished-at="2019-12-25T08:11:29Z">
    <groups>
    </groups>
    <test name="Test" duration-ms="45989" started-at="2019-12-25T08:10:43Z" finished-at="2019-12-25T08:11:29Z">
      <class name="Testng.co.Tc_001">
        <test-method status="PASS" signature="beforeMethod()[pri:0, instance:Testng.co.Tc_001@2758fe70]" name="beforeMethod" is-config="true" duration-ms="43638" started-at="2019-12-25T08:10:43Z" finished-at="2019-12-25T08:11:26Z">
          <reporter-output>
          </reporter-output>
        </test-method> <!-- beforeMethod -->
        <test-method status="PASS" signature="functnality()[pri:0, instance:Testng.co.Tc_001@2758fe70]" name="functnality" duration-ms="406" started-at="2019-12-25T08:11:26Z" finished-at="2019-12-25T08:11:27Z">
          <reporter-output>
          </reporter-output>
        </test-method> <!-- functnality -->
        <test-method status="PASS" signature="afterMethod()[pri:0, instance:Testng.co.Tc_001@2758fe70]" name="afterMethod" is-config="true" duration-ms="1894" started-at="2019-12-25T08:11:27Z" finished-at="2019-12-25T08:11:29Z">
          <reporter-output>
          </reporter-output>
        </test-method> <!-- afterMethod -->
      </class> <!-- Testng.co.Tc_001 -->
    </test> <!-- Test -->
  </suite> <!-- Suite -->
</testng-results>
