<?xml version="1.0" encoding="UTF-8"?>
<testng-results skipped="0" failed="0" ignored="0" total="0" passed="0">
  <reporter-output>
  </reporter-output>
  <suite name="Default suite" duration-ms="36" started-at="2020-01-10T12:54:10Z" finished-at="2020-01-10T12:54:10Z">
    <groups>
    </groups>
    <test name="Default test" duration-ms="36" started-at="2020-01-10T12:54:10Z" finished-at="2020-01-10T12:54:10Z">
      <class name="TestngProject.com.scripts.ReadingDataByColName">
        <test-method status="PASS" signature="beforeTest()[pri:0, instance:TestngProject.com.scripts.ReadingDataByColName@42d80b78]" name="beforeTest" is-config="true" duration-ms="26" started-at="2020-01-10T12:54:10Z" finished-at="2020-01-10T12:54:10Z">
          <reporter-output>
          </reporter-output>
        </test-method> <!-- beforeTest -->
      </class> <!-- TestngProject.com.scripts.ReadingDataByColName -->
    </test> <!-- Default test -->
  </suite> <!-- Default suite -->
</testng-results>
